<?xml version="1.0" encoding="UTF-8"?>
<!-- Generated by org.testng.reporters.JUnitReportReporter -->
<testsuite hostname="Sushil" failures="0" tests="1" name="com.syntax.test.TestNGTest" time="0.014" errors="0" timestamp="2020-05-19T13:51:56 EDT" skipped="0">
  <testcase classname="com.syntax.test.TestNGTest" name="hello" time="0.014"/>
  <system-out/>
</testsuite> <!-- com.syntax.test.TestNGTest -->
